<?xml version="1.0" encoding="UTF-8"?>
<!-- Generated by org.testng.reporters.JUnitReportReporter -->
<testsuite hostname="szgn" failures="0" tests="7" name="tests.HabibeTurkucu.US_004Test" time="0.003" errors="0" timestamp="2022-07-01T00:59:48 TRT" skipped="7">
  <testcase classname="tests.HabibeTurkucu.US_004Test" name="sepetteUrunlerGoruntulenir" time="0.000">
    <skipped/>
  </testcase> <!-- sepetteUrunlerGoruntulenir -->
  <system-out/>
  <testcase classname="tests.HabibeTurkucu.US_004Test" name="clearCartileSepetiBosalt" time="0.000">
    <skipped/>
  </testcase> <!-- clearCartileSepetiBosalt -->
  <system-out/>
  <testcase classname="tests.HabibeTurkucu.US_004Test" name="urunSayisiArtirmaAzaltma" time="0.000">
    <skipped/>
  </testcase> <!-- urunSayisiArtirmaAzaltma -->
  <system-out/>
  <testcase classname="tests.HabibeTurkucu.US_004Test" name="cupponSecenegiOlmali" time="0.000">
    <skipped/>
  </testcase> <!-- cupponSecenegiOlmali -->
  <system-out/>
  <testcase classname="tests.HabibeTurkucu.US_004Test" name="alisveriseDevamEt" time="0.003">
    <skipped/>
  </testcase> <!-- alisveriseDevamEt -->
  <system-out/>
  <testcase classname="tests.HabibeTurkucu.US_004Test" name="odemeSayfasi" time="0.000">
    <skipped/>
  </testcase> <!-- odemeSayfasi -->
  <system-out/>
  <testcase classname="tests.HabibeTurkucu.US_004Test" name="kargoBilgileri" time="0.000">
    <skipped/>
  </testcase> <!-- kargoBilgileri -->
  <system-out/>
</testsuite> <!-- tests.HabibeTurkucu.US_004Test -->
