<?xml version="1.0" encoding="UTF-8"?>
<!-- Generated by org.testng.reporters.JUnitReportReporter -->
<testsuite hostname="szgn" failures="0" tests="4" name="tests.HabibeTurkucu.Us_003Test" time="0.002" errors="0" timestamp="2022-07-01T00:59:48 TRT" skipped="4">
  <testcase classname="tests.HabibeTurkucu.Us_003Test" name="siparisOnaylama" time="0.000">
    <skipped/>
  </testcase> <!-- siparisOnaylama -->
  <system-out/>
  <testcase classname="tests.HabibeTurkucu.Us_003Test" name="checkOut" time="0.000">
    <skipped/>
  </testcase> <!-- checkOut -->
  <system-out/>
  <testcase classname="tests.HabibeTurkucu.Us_003Test" name="test001" time="0.001">
    <skipped/>
  </testcase> <!-- test001 -->
  <system-out/>
  <testcase classname="tests.HabibeTurkucu.Us_003Test" name="ordersBrowse" time="0.001">
    <skipped/>
  </testcase> <!-- ordersBrowse -->
  <system-out/>
</testsuite> <!-- tests.HabibeTurkucu.Us_003Test -->
