<?xml version="1.0" encoding="UTF-8"?>
<!-- Generated by org.testng.reporters.JUnitReportReporter -->
<testsuite hostname="szgn" failures="0" tests="1" name="tests.EmreKarasu.US_009Test" time="0.000" errors="0" timestamp="2022-07-01T00:59:48 TRT" skipped="1">
  <testcase classname="tests.EmreKarasu.US_009Test" name="TC_001_ve_TC_002" time="0.000">
    <skipped/>
  </testcase> <!-- TC_001_ve_TC_002 -->
  <system-out/>
</testsuite> <!-- tests.EmreKarasu.US_009Test -->
